8=FIX4.4, 35=D, 34=52, 49=M3, 56=MS, 52=2022-09-22-00:40:07, 55=AAPL, 40=2, 38=25511, 21=2, 11=algo20220922004007, 60=2022-09-22-00:40:07, 54=1, 44=1276.37, 10=0252,
8=FIX4.4, 35=D, 34=52, 49=M3, 56=MS, 52=2022-09-22-00:40:07, 55=AAPL, 40=2, 38=25511, 21=2, 11=algo20220922004007, 60=2022-09-22-00:40:07, 54=1, 44=1276.37, 10=0252,
8=FIX4.4, 35=D, 34=54, 49=M3, 56=MS, 52=2022-09-22-00:40:09, 55=MSFT, 40=2, 38=30708, 21=2, 11=algo20220922004009, 60=2022-09-22-00:40:09, 54=2, 44=59.89, 10=0252,
8=FIX4.4, 35=D, 34=55, 49=M3, 56=MS, 52=2022-09-22-00:40:13, 55=AMZN, 40=2, 38=26409, 21=2, 11=algo20220922004013, 60=2022-09-22-00:40:13, 54=1, 44=133.47, 10=0252,
8=FIX4.4, 35=D, 34=57, 49=M3, 56=MS, 52=2022-09-22-00:40:16, 55=FB, 40=2, 38=15498, 21=2, 11=algo20220922004016, 60=2022-09-22-00:40:16, 54=2, 44=430.62, 10=0252,
8=FIX4.4, 35=D, 34=57, 49=M3, 56=MS, 52=2022-09-22-00:40:16, 55=FB, 40=2, 38=15498, 21=2, 11=algo20220922004016, 60=2022-09-22-00:40:16, 54=2, 44=430.62, 10=0252,
8=FIX4.4, 35=D, 34=58, 49=M3, 56=MS, 52=2022-09-22-00:40:19, 55=GOOG, 40=2, 38=1086, 21=2, 11=algo20220922004019, 60=2022-09-22-00:40:19, 54=2, 44=42.05, 10=0252,
8=FIX4.4, 35=D, 34=60, 49=M3, 56=MS, 52=2022-09-22-00:40:22, 55=GOOGL, 40=2, 38=26092, 21=2, 11=algo20220922004022, 60=2022-09-22-00:40:22, 54=1, 44=289.20, 10=0252,
8=FIX4.4, 35=D, 34=62, 49=M3, 56=MS, 52=2022-09-22-00:40:25, 55=INTC, 40=2, 38=5481, 21=2, 11=algo20220922004025, 60=2022-09-22-00:40:25, 54=2, 44=339.13, 10=0252,
8=FIX4.4, 35=D, 34=64, 49=M3, 56=MS, 52=2022-09-22-00:40:27, 55=PEP, 40=2, 38=2193, 21=2, 11=algo20220922004027, 60=2022-09-22-00:40:27, 54=1, 44=36.21, 10=0252,
8=FIX4.4, 35=D, 34=66, 49=M3, 56=MS, 52=2022-09-22-00:40:29, 55=NFLX, 40=2, 38=5023, 21=2, 11=algo20220922004029, 60=2022-09-22-00:40:29, 54=1, 44=306.71, 10=0252,
8=FIX4.4, 35=D, 34=67, 49=M3, 56=MS, 52=2022-09-22-00:40:30, 55=CSCO, 40=2, 38=10987, 21=2, 11=algo20220922004030, 60=2022-09-22-00:40:30, 54=1, 44=233.73, 10=0252,
8=FIX4.4, 35=D, 34=69, 49=M3, 56=MS, 52=2022-09-22-00:40:33, 55=AMGN, 40=2, 38=18453, 21=2, 11=algo20220922004033, 60=2022-09-22-00:40:33, 54=2, 44=116.62, 10=0252,
8=FIX4.4, 35=D, 34=71, 49=M3, 56=MS, 52=2022-09-22-00:40:35, 55=PYPL, 40=2, 38=17050, 21=2, 11=algo20220922004035, 60=2022-09-22-00:40:35, 54=1, 44=723.61, 10=0252,
8=FIX4.4, 35=D, 34=73, 49=M3, 56=MS, 52=2022-09-22-00:40:37, 55=TSLA, 40=2, 38=2843, 21=2, 11=algo20220922004037, 60=2022-09-22-00:40:37, 54=1, 44=503.77, 10=0252,
8=FIX4.4, 35=D, 34=75, 49=M3, 56=MS, 52=2022-09-22-00:40:39, 55=TXN, 40=2, 38=24282, 21=2, 11=algo20220922004039, 60=2022-09-22-00:40:39, 54=1, 44=112.46, 10=0252,
8=FIX4.4, 35=D, 34=76, 49=M3, 56=MS, 52=2022-09-22-00:40:40, 55=AVGO, 40=2, 38=11698, 21=2, 11=algo20220922004040, 60=2022-09-22-00:40:40, 54=1, 44=262.99, 10=0252,
8=FIX4.4, 35=D, 34=78, 49=M3, 56=MS, 52=2022-09-22-00:40:42, 55=GILD, 40=2, 38=26704, 21=2, 11=algo20220922004042, 60=2022-09-22-00:40:42, 54=1, 44=82.91, 10=0252,
8=FIX4.4, 35=D, 34=80, 49=M3, 56=MS, 52=2022-09-22-00:40:45, 55=SBUX, 40=2, 38=22949, 21=2, 11=algo20220922004045, 60=2022-09-22-00:40:45, 54=1, 44=75.71, 10=0252,
8=FIX4.4, 35=D, 34=82, 49=M3, 56=MS, 52=2022-09-22-00:40:49, 55=QCOM, 40=2, 38=5392, 21=2, 11=algo20220922004049, 60=2022-09-22-00:40:49, 54=1, 44=75.47, 10=0252,
8=FIX4.4, 35=D, 34=83, 49=M3, 56=MS, 52=2022-09-22-00:40:50, 55=TMUS, 40=2, 38=18182, 21=2, 11=algo20220922004050, 60=2022-09-22-00:40:50, 54=1, 44=90.74, 10=0252,
8=FIX4.4, 35=D, 34=85, 49=M3, 56=MS, 52=2022-09-22-00:40:52, 55=MDLZ, 40=2, 38=11083, 21=2, 11=algo20220922004052, 60=2022-09-22-00:40:52, 54=2, 44=52.26, 10=0252,
8=FIX4.4, 35=D, 34=86, 49=M3, 56=MS, 52=2022-09-22-00:40:54, 55=BAC, 40=2, 38=10077, 21=2, 11=algo20220922004054, 60=2022-09-22-00:40:54, 54=1, 44=22.03, 10=0252,
8=FIX4.4, 35=D, 34=87, 49=M3, 56=MS, 52=2022-09-22-00:40:55, 55=DDD, 40=2, 38=6398, 21=2, 11=algo20220922004055, 60=2022-09-22-00:40:55, 54=2, 44=8.01, 10=0252,
8=FIX4.4, 35=D, 34=89, 49=M3, 56=MS, 52=2022-09-22-00:40:57, 55=MMM, 40=2, 38=9506, 21=2, 11=algo20220922004057, 60=2022-09-22-00:40:57, 54=1, 44=146.98, 10=0252,
8=FIX4.4, 35=D, 34=91, 49=M3, 56=MS, 52=2022-09-22-00:40:59, 55=WBAI, 40=2, 38=16337, 21=2, 11=algo20220922004059, 60=2022-09-22-00:40:59, 54=2, 44=4.10, 10=0252,
8=FIX4.4, 35=D, 34=93, 49=M3, 56=MS, 52=2022-09-22-00:41:02, 55=WUBA, 40=2, 38=31985, 21=2, 11=algo20220922004102, 60=2022-09-22-00:41:02, 54=1, 44=51.41, 10=0252,
8=FIX4.4, 35=D, 34=94, 49=M3, 56=MS, 52=2022-09-22-00:41:04, 55=EGHT, 40=2, 38=20992, 21=2, 11=algo20220922004104, 60=2022-09-22-00:41:04, 54=2, 44=17.03, 10=0252,
8=FIX4.4, 35=D, 34=95, 49=M3, 56=MS, 52=2022-09-22-00:41:05, 55=AHC, 40=2, 38=26165, 21=2, 11=algo20220922004105, 60=2022-09-22-00:41:05, 54=1, 44=1.40, 10=0252,
8=FIX4.4, 35=D, 34=97, 49=M3, 56=MS, 52=2022-09-22-00:41:07, 55=AOS, 40=2, 38=23128, 21=2, 11=algo20220922004107, 60=2022-09-22-00:41:07, 54=1, 44=40.38, 10=0252,
8=FIX4.4, 35=D, 34=98, 49=M3, 56=MS, 52=2022-09-22-00:41:08, 55=ATEN, 40=2, 38=17755, 21=2, 11=algo20220922004108, 60=2022-09-22-00:41:08, 54=1, 44=6.45, 10=0252,
8=FIX4.4, 35=D, 34=100, 49=M3, 56=MS, 52=2022-09-22-00:41:10, 55=AIR, 40=2, 38=10656, 21=2, 11=algo20220922004110, 60=2022-09-22-00:41:10, 54=1, 44=16.31, 10=0252,
8=FIX4.4, 35=D, 34=101, 49=M3, 56=MS, 52=2022-09-22-00:41:14, 55=AAN, 40=2, 38=8329, 21=2, 11=algo20220922004114, 60=2022-09-22-00:41:14, 54=1, 44=25.68, 10=0252,
8=FIX4.4, 35=D, 34=102, 49=M3, 56=MS, 52=2022-09-22-00:41:15, 55=ABB, 40=2, 38=13002, 21=2, 11=algo20220922004115, 60=2022-09-22-00:41:15, 54=2, 44=17.42, 10=0252,
8=FIX4.4, 35=D, 34=104, 49=M3, 56=MS, 52=2022-09-22-00:41:17, 55=ABT, 40=2, 38=15715, 21=2, 11=algo20220922004117, 60=2022-09-22-00:41:17, 54=1, 44=94.04, 10=0252,
8=FIX4.4, 35=D, 34=106, 49=M3, 56=MS, 52=2022-09-22-00:41:21, 55=ABBV, 40=2, 38=11471, 21=2, 11=algo20220922004121, 60=2022-09-22-00:41:21, 54=1, 44=83.60, 10=0252,
8=FIX4.4, 35=D, 34=107, 49=M3, 56=MS, 52=2022-09-22-00:41:22, 55=ANF, 40=2, 38=27813, 21=2, 11=algo20220922004122, 60=2022-09-22-00:41:22, 54=1, 44=9.10, 10=0252,
8=FIX4.4, 35=D, 34=109, 49=M3, 56=MS, 52=2022-09-22-00:41:24, 55=ABM, 40=2, 38=20036, 21=2, 11=algo20220922004124, 60=2022-09-22-00:41:24, 54=2, 44=31.64, 10=0252,
8=FIX4.4, 35=D, 34=110, 49=M3, 56=MS, 52=2022-09-22-00:41:26, 55=AAPL, 40=2, 38=30481, 21=2, 11=algo20220922004126, 60=2022-09-22-00:41:26, 54=2, 44=284.65, 10=0252,
8=FIX4.4, 35=D, 34=111, 49=M3, 56=MS, 52=2022-09-22-00:41:28, 55=PEP, 40=2, 38=29359, 21=2, 11=algo20220922004128, 60=2022-09-22-00:41:28, 54=1, 44=45.43, 10=0252,
8=FIX4.4, 35=D, 34=113, 49=M3, 56=MS, 52=2022-09-22-00:41:30, 55=, 40=2, 38=15944, 21=2, 11=algo20220922004130, 60=2022-09-22-00:41:30, 54=1, 44=, 10=0252,
